f:\vs\writefirmware\writefirmwaredll\debug\writefirmwaredll.pch
f:\vs\writefirmware\writefirmwaredll\debug\vc140.pdb
f:\vs\writefirmware\writefirmwaredll\debug\vc140.idb
f:\vs\writefirmware\writefirmwaredll\debug\stdafx.obj
f:\vs\writefirmware\writefirmwaredll\debug\cmdhandle.obj
f:\vs\writefirmware\writefirmwaredll\debug\hexfile.obj
f:\vs\writefirmware\writefirmwaredll\debug\writefirmwaredll.obj
f:\vs\writefirmware\writefirmwaredll\debug\writefirmwaremanage.obj
f:\vs\writefirmware\writefirmwaredll\debug\dllmain.obj
f:\vs\writefirmware\debug\writefirmwaredll.ilk
f:\vs\writefirmware\debug\writefirmwaredll.dll
f:\vs\writefirmware\debug\writefirmwaredll.pdb
f:\vs\writefirmware\debug\writefirmwaredll.lib
f:\vs\writefirmware\debug\writefirmwaredll.exp
f:\vs\writefirmware\writefirmwaredll\debug\writefirmwaredll.tlog\cl.command.1.tlog
f:\vs\writefirmware\writefirmwaredll\debug\writefirmwaredll.tlog\cl.read.1.tlog
f:\vs\writefirmware\writefirmwaredll\debug\writefirmwaredll.tlog\cl.write.1.tlog
f:\vs\writefirmware\writefirmwaredll\debug\writefirmwaredll.tlog\link.command.1.tlog
f:\vs\writefirmware\writefirmwaredll\debug\writefirmwaredll.tlog\link.read.1.tlog
f:\vs\writefirmware\writefirmwaredll\debug\writefirmwaredll.tlog\link.write.1.tlog
f:\vs\writefirmware\writefirmwaredll\debug\writefirmwaredll.tlog\writefirmwaredll.write.1u.tlog
