f:\vs\writefirmware\writefirmwaredll\release\writefirmwaredll.pch
f:\vs\writefirmware\writefirmwaredll\release\vc140.pdb
f:\vs\writefirmware\writefirmwaredll\release\stdafx.obj
f:\vs\writefirmware\writefirmwaredll\release\writefirmwaredll.obj
f:\vs\writefirmware\writefirmwaredll\release\hexfile.obj
f:\vs\writefirmware\writefirmwaredll\release\cmdhandle.obj
f:\vs\writefirmware\writefirmwaredll\release\dllmain.obj
f:\vs\writefirmware\release\writefirmwaredll.dll
f:\vs\writefirmware\release\writefirmwaredll.ipdb
f:\vs\writefirmware\release\writefirmwaredll.iobj
f:\vs\writefirmware\release\writefirmwaredll.pdb
f:\vs\writefirmware\release\writefirmwaredll.lib
f:\vs\writefirmware\release\writefirmwaredll.exp
f:\vs\writefirmware\writefirmwaredll\release\writefirmwaredll.tlog\cl.command.1.tlog
f:\vs\writefirmware\writefirmwaredll\release\writefirmwaredll.tlog\cl.read.1.tlog
f:\vs\writefirmware\writefirmwaredll\release\writefirmwaredll.tlog\cl.write.1.tlog
f:\vs\writefirmware\writefirmwaredll\release\writefirmwaredll.tlog\link.command.1.tlog
f:\vs\writefirmware\writefirmwaredll\release\writefirmwaredll.tlog\link.read.1.tlog
f:\vs\writefirmware\writefirmwaredll\release\writefirmwaredll.tlog\link.write.1.tlog
f:\vs\writefirmware\writefirmwaredll\release\writefirmwaredll.tlog\writefirmwaredll.write.1u.tlog
